<?xml version="1.0" encoding="utf-8"?>
<TestRun id="733c1ba6-094f-42d4-83a6-9fefd1e83211" name="Romario@DESKTOP-4U6KUAM 2022-03-09 22:10:30" runUser="DESKTOP-4U6KUAM\Romario" xmlns="http://microsoft.com/schemas/VisualStudio/TeamTest/2010">
  <Times creation="2022-03-09T22:10:30.7962646-03:00" queuing="2022-03-09T22:10:30.7962650-03:00" start="2022-03-09T22:10:16.5217207-03:00" finish="2022-03-09T22:10:51.4748663-03:00" />
  <TestSettings name="default" id="aae8aecb-bc21-43b2-972a-cf5d34fc737e">
    <Deployment runDeploymentRoot="Romario_DESKTOP-4U6KUAM_2022-03-09_22_10_30" />
  </TestSettings>
  <Results>
    <UnitTestResult executionId="16f28a61-f7e9-4376-9003-0d0e09fda596" testId="919ffea0-381c-65e4-f420-4dec121b9490" testName="Pesquisa pelo produto HTML" computerName="DESKTOP-4U6KUAM" duration="00:00:10.4553830" startTime="2022-03-09T22:10:30.5711692-03:00" endTime="2022-03-09T22:10:41.0265524-03:00" testType="13cdc9d9-ddb5-4fa4-a97d-d965ccfc6d4b" outcome="Passed" testListId="8c84fa94-04c1-424b-9868-57a2d4851a1d" relativeResultsDirectory="16f28a61-f7e9-4376-9003-0d0e09fda596" />
    <UnitTestResult executionId="aa8b412c-7f9d-4bc1-9170-5f682bd1143e" testId="46da9663-1aee-7a39-f8ad-e10f4c4315c9" testName="Pesquisa pelo produto inexistente" computerName="DESKTOP-4U6KUAM" duration="00:00:10.3437889" startTime="2022-03-09T22:10:41.0285706-03:00" endTime="2022-03-09T22:10:51.3723601-03:00" testType="13cdc9d9-ddb5-4fa4-a97d-d965ccfc6d4b" outcome="Passed" testListId="8c84fa94-04c1-424b-9868-57a2d4851a1d" relativeResultsDirectory="aa8b412c-7f9d-4bc1-9170-5f682bd1143e" />
    <UnitTestResult executionId="00688477-04bf-4f06-9de8-7d4f91898a28" testId="ef3064e9-549d-e5c7-9715-c806f0bf56ff" testName="Acessar produto via submenu HTML" computerName="DESKTOP-4U6KUAM" duration="00:00:12.7966900" startTime="2022-03-09T22:10:17.7690441-03:00" endTime="2022-03-09T22:10:30.5656015-03:00" testType="13cdc9d9-ddb5-4fa4-a97d-d965ccfc6d4b" outcome="Passed" testListId="8c84fa94-04c1-424b-9868-57a2d4851a1d" relativeResultsDirectory="00688477-04bf-4f06-9de8-7d4f91898a28" />
  </Results>
  <TestDefinitions>
    <UnitTest name="Acessar produto via submenu HTML" storage="c:\nilo\projetonilo\projetonilo\bin\debug\net6.0\projetonilo.dll" id="ef3064e9-549d-e5c7-9715-c806f0bf56ff">
      <Execution id="00688477-04bf-4f06-9de8-7d4f91898a28" />
      <TestMethod codeBase="C:\Nilo\ProjetoNilo\ProjetoNilo\bin\Debug\net6.0\ProjetoNilo.dll" adapterTypeName="executor://nunit3testexecutor/" className="ProjetoNilo.TesteFuncionais.HomeTestes" name="Acessar produto via submenu HTML" />
    </UnitTest>
    <UnitTest name="Pesquisa pelo produto inexistente" storage="c:\nilo\projetonilo\projetonilo\bin\debug\net6.0\projetonilo.dll" id="46da9663-1aee-7a39-f8ad-e10f4c4315c9">
      <Execution id="aa8b412c-7f9d-4bc1-9170-5f682bd1143e" />
      <TestMethod codeBase="C:\Nilo\ProjetoNilo\ProjetoNilo\bin\Debug\net6.0\ProjetoNilo.dll" adapterTypeName="executor://nunit3testexecutor/" className="ProjetoNilo.TesteFuncionais.HomeTestes" name="Pesquisa pelo produto inexistente" />
    </UnitTest>
    <UnitTest name="Pesquisa pelo produto HTML" storage="c:\nilo\projetonilo\projetonilo\bin\debug\net6.0\projetonilo.dll" id="919ffea0-381c-65e4-f420-4dec121b9490">
      <Execution id="16f28a61-f7e9-4376-9003-0d0e09fda596" />
      <TestMethod codeBase="C:\Nilo\ProjetoNilo\ProjetoNilo\bin\Debug\net6.0\ProjetoNilo.dll" adapterTypeName="executor://nunit3testexecutor/" className="ProjetoNilo.TesteFuncionais.HomeTestes" name="Pesquisa pelo produto HTML" />
    </UnitTest>
  </TestDefinitions>
  <TestEntries>
    <TestEntry testId="919ffea0-381c-65e4-f420-4dec121b9490" executionId="16f28a61-f7e9-4376-9003-0d0e09fda596" testListId="8c84fa94-04c1-424b-9868-57a2d4851a1d" />
    <TestEntry testId="46da9663-1aee-7a39-f8ad-e10f4c4315c9" executionId="aa8b412c-7f9d-4bc1-9170-5f682bd1143e" testListId="8c84fa94-04c1-424b-9868-57a2d4851a1d" />
    <TestEntry testId="ef3064e9-549d-e5c7-9715-c806f0bf56ff" executionId="00688477-04bf-4f06-9de8-7d4f91898a28" testListId="8c84fa94-04c1-424b-9868-57a2d4851a1d" />
  </TestEntries>
  <TestLists>
    <TestList name="Resultados que não estão em uma lista" id="8c84fa94-04c1-424b-9868-57a2d4851a1d" />
    <TestList name="Todos os resultados carregados" id="19431567-8539-422a-85d7-44ee4e166bda" />
  </TestLists>
  <ResultSummary outcome="Completed">
    <Counters total="3" executed="3" passed="3" failed="0" error="0" timeout="0" aborted="0" inconclusive="0" passedButRunAborted="0" notRunnable="0" notExecuted="0" disconnected="0" warning="0" completed="0" inProgress="0" pending="0" />
    <Output>
      <StdOut>NUnit Adapter 4.0.0.0: Test execution started&#xD;
Running all tests in C:\Nilo\ProjetoNilo\ProjetoNilo\bin\Debug\net6.0\ProjetoNilo.dll&#xD;
   NUnit3TestExecutor discovered 3 of 3 NUnit test cases using Current Discovery mode, Non-Explicit run&#xD;
NUnit Adapter 4.0.0.0: Test execution complete&#xD;
</StdOut>
    </Output>
  </ResultSummary>
</TestRun>